<?xml version="1.0" encoding="UTF-8"?>
<!-- Generated by org.testng.reporters.JUnitXMLReporter -->
<testsuite ignored="0" hostname="Sebastians-MacBook-Pro.local" failures="1" tests="8" name="Test-TestNG" time="0.047" errors="0" timestamp="2025-07-27T15:06:21 BST">
  <testcase classname="pageobjectdemo.tests.TestNGTest2" name="appTest2" time="0.003">
    <failure type="java.lang.ArithmeticException">
      <![CDATA[java.lang.ArithmeticException
at pageobjectdemo.tests.TestNGTest2.appTest2(TestNGTest2.java:15)
at java.base/java.util.ArrayList.forEach(ArrayList.java:1597)
... Removed 25 stack frames]]>
    </failure>
  </testcase> <!-- appTest2 -->
  <testcase classname="pageobjectdemo.tests.TestNGTest2" name="appTest3" time="0.001"/>
  <testcase classname="pageobjectdemo.tests.TestNGTest1" name="firstTest" time="0.001"/>
  <testcase classname="pageobjectdemo.tests.TestNGTest1" name="thirdTest" time="0.001"/>
  <testcase classname="pageobjectdemo.tests.TestNGTest1" name="thirdTest" time="0.0"/>
  <testcase classname="pageobjectdemo.tests.TestNGTest1" name="thirdTest" time="0.001"/>
  <testcase classname="pageobjectdemo.tests.TestNGTest2" name="appTest1" time="0.001"/>
  <testcase classname="pageobjectdemo.tests.TestNGTest1" name="secondTest" time="0.001"/>
</testsuite> <!-- Test-TestNG -->
