<?xml version="1.0" encoding="UTF-8"?>
<!-- Generated by org.testng.reporters.JUnitXMLReporter -->
<testsuite ignored="2" hostname="Sebastians-MacBook-Pro.local" failures="1" tests="4" name="DemoWebTest" time="17.562" errors="0" timestamp="2025-08-09T16:21:51 BST">
  <testcase classname="pageobjectdemo.tests.DemoWebShopTestNG" name="test1Registration" time="2.491">
    <failure type="java.lang.AssertionError" message="The following asserts failed:
	The webpage title matches expected [true] but found [false],
	The emailId and the account Name matches expected [true] but found [false]">
      <![CDATA[java.lang.AssertionError: The following asserts failed:
The webpage title matches expected [true] but found [false],
The emailId and the account Name matches expected [true] but found [false]
at pageobjectdemo.tests.DemoWebShopTestNG.test1Registration(DemoWebShopTestNG.java:85)
at java.base/java.util.ArrayList.forEach(ArrayList.java:1597)
at java.base/java.util.concurrent.FutureTask.run(FutureTask.java:317)
at java.base/java.util.concurrent.ThreadPoolExecutor.runWorker(ThreadPoolExecutor.java:1144)
at java.base/java.util.concurrent.ThreadPoolExecutor$Worker.run(ThreadPoolExecutor.java:642)
at java.base/java.lang.Thread.run(Thread.java:1570)
... Removed 17 stack frames]]>
    </failure>
  </testcase> <!-- test1Registration -->
  <testcase classname="pageobjectdemo.tests.DemoWebShopTestNG" name="test3LoginWithInvalidPassword" time="0.807"/>
  <testcase classname="pageobjectdemo.tests.DemoWebShopTestNG" name="test4LoginWithInvalidEmail" time="0.647"/>
  <testcase classname="pageobjectdemo.tests.DemoWebShopTestNG" name="test2Login" time="1.269"/>
  <testcase classname="pageobjectdemo.tests.DemoWebShopTestNG" name="test5RegistrationWithExcel" time="0.0">
    <ignored/>
  </testcase> <!-- test5RegistrationWithExcel -->
  <testcase classname="pageobjectdemo.tests.DemoWebShopTestNG" name="test6RegistrationFromDB" time="0.0">
    <ignored/>
  </testcase> <!-- test6RegistrationFromDB -->
</testsuite> <!-- DemoWebTest -->
