<?xml version="1.0" encoding="UTF-8"?>
<!-- Generated by org.testng.reporters.JUnitXMLReporter -->
<testsuite ignored="2" hostname="Sebastians-MacBook-Pro.local" failures="1" tests="4" name="DemoWebTest" time="20.043" errors="0" timestamp="2025-08-03T14:00:32 BST">
  <testcase classname="pageobjectdemo.tests.DemoWebShopTestNG" name="test1Registration" time="1.341">
    <failure type="org.openqa.selenium.NoSuchElementException" message="no such element: Unable to locate element: {&amp;quot;method&amp;quot;:&amp;quot;css selector&amp;quot;,&amp;quot;selector&amp;quot;:&amp;quot;.header-links .account&amp;quot;}
  (Session info: chrome=138.0.7204.184)
For documentation on this error, please visit: https://www.selenium.dev/documentation/webdriver/troubleshooting/errors#no-such-element-exception
Build info: version: &amp;apos;4.33.0&amp;apos;, revision: &amp;apos;2c6aaad03a&amp;apos;
System info: os.name: &amp;apos;Mac OS X&amp;apos;, os.arch: &amp;apos;aarch64&amp;apos;, os.version: &amp;apos;14.1&amp;apos;, java.version: &amp;apos;22.0.2&amp;apos;
Driver info: org.openqa.selenium.chrome.ChromeDriver
Command: [b56b94791427b18b240036adb7b072a6, findElement {value=.header-links .account, using=css selector}]
Capabilities {acceptInsecureCerts: false, browserName: chrome, browserVersion: 138.0.7204.184, chrome: {chromedriverVersion: 138.0.7204.183 (e90faf484dd..., userDataDir: /var/folders/vk/dx65fkld16z...}, fedcm:accounts: true, goog:chromeOptions: {debuggerAddress: localhost:59514}, networkConnectionEnabled: false, pageLoadStrategy: normal, platformName: mac, proxy: Proxy(), se:cdp: ws://localhost:59514/devtoo..., se:cdpVersion: 138.0.7204.184, setWindowRect: true, strictFileInteractability: false, timeouts: {implicit: 0, pageLoad: 300000, script: 30000}, unhandledPromptBehavior: dismiss and notify, webauthn:extension:credBlob: true, webauthn:extension:largeBlob: true, webauthn:extension:minPinLength: true, webauthn:extension:prf: true, webauthn:virtualAuthenticators: true}
Session ID: b56b94791427b18b240036adb7b072a6">
      <![CDATA[org.openqa.selenium.NoSuchElementException: no such element: Unable to locate element: {"method":"css selector","selector":".header-links .account"}
  (Session info: chrome=138.0.7204.184)
For documentation on this error, please visit: https://www.selenium.dev/documentation/webdriver/troubleshooting/errors#no-such-element-exception
Build info: version: '4.33.0', revision: '2c6aaad03a'
System info: os.name: 'Mac OS X', os.arch: 'aarch64', os.version: '14.1', java.version: '22.0.2'
Driver info: org.openqa.selenium.chrome.ChromeDriver
Command: [b56b94791427b18b240036adb7b072a6, findElement {value=.header-links .account, using=css selector}]
Capabilities {acceptInsecureCerts: false, browserName: chrome, browserVersion: 138.0.7204.184, chrome: {chromedriverVersion: 138.0.7204.183 (e90faf484dd..., userDataDir: /var/folders/vk/dx65fkld16z...}, fedcm:accounts: true, goog:chromeOptions: {debuggerAddress: localhost:59514}, networkConnectionEnabled: false, pageLoadStrategy: normal, platformName: mac, proxy: Proxy(), se:cdp: ws://localhost:59514/devtoo..., se:cdpVersion: 138.0.7204.184, setWindowRect: true, strictFileInteractability: false, timeouts: {implicit: 0, pageLoad: 300000, script: 30000}, unhandledPromptBehavior: dismiss and notify, webauthn:extension:credBlob: true, webauthn:extension:largeBlob: true, webauthn:extension:minPinLength: true, webauthn:extension:prf: true, webauthn:virtualAuthenticators: true}
Session ID: b56b94791427b18b240036adb7b072a6
at org.openqa.selenium.remote.ErrorCodec.decode(ErrorCodec.java:167)
at org.openqa.selenium.remote.codec.w3c.W3CHttpResponseCodec.decode(W3CHttpResponseCodec.java:138)
at org.openqa.selenium.remote.codec.w3c.W3CHttpResponseCodec.decode(W3CHttpResponseCodec.java:50)
at org.openqa.selenium.remote.HttpCommandExecutor.execute(HttpCommandExecutor.java:215)
at org.openqa.selenium.remote.service.DriverCommandExecutor.invokeExecute(DriverCommandExecutor.java:216)
at org.openqa.selenium.remote.service.DriverCommandExecutor.execute(DriverCommandExecutor.java:174)
at org.openqa.selenium.remote.RemoteWebDriver.execute(RemoteWebDriver.java:544)
at org.openqa.selenium.remote.ElementLocation$ElementFinder$2.findElement(ElementLocation.java:165)
at org.openqa.selenium.remote.ElementLocation.findElement(ElementLocation.java:59)
at org.openqa.selenium.remote.RemoteWebDriver.findElement(RemoteWebDriver.java:367)
at org.openqa.selenium.remote.RemoteWebDriver.findElement(RemoteWebDriver.java:361)
at pageobjectdemo.pageobjects.CommonPage.printAccountName(CommonPage.java:34)
at pageobjectdemo.tests.DemoWebShopTestNG.test1Registration(DemoWebShopTestNG.java:72)
at java.base/java.util.ArrayList.forEach(ArrayList.java:1597)
at java.base/java.util.concurrent.FutureTask.run(FutureTask.java:317)
at java.base/java.util.concurrent.ThreadPoolExecutor.runWorker(ThreadPoolExecutor.java:1144)
at java.base/java.util.concurrent.ThreadPoolExecutor$Worker.run(ThreadPoolExecutor.java:642)
at java.base/java.lang.Thread.run(Thread.java:1570)
... Removed 18 stack frames]]>
    </failure>
  </testcase> <!-- test1Registration -->
  <testcase classname="pageobjectdemo.tests.DemoWebShopTestNG" name="test3LoginWithInvalidPassword" time="0.66"/>
  <testcase classname="pageobjectdemo.tests.DemoWebShopTestNG" name="test4LoginWithInvalidEmail" time="0.961"/>
  <testcase classname="pageobjectdemo.tests.DemoWebShopTestNG" name="test2Login" time="1.468"/>
  <testcase classname="pageobjectdemo.tests.DemoWebShopTestNG" name="test5RegistrationWithExcel" time="0.0">
    <ignored/>
  </testcase> <!-- test5RegistrationWithExcel -->
  <testcase classname="pageobjectdemo.tests.DemoWebShopTestNG" name="test6RegistrationFromDB" time="0.0">
    <ignored/>
  </testcase> <!-- test6RegistrationFromDB -->
</testsuite> <!-- DemoWebTest -->
