<?xml version="1.0" encoding="UTF-8"?>
<!-- Generated by org.testng.reporters.JUnitXMLReporter -->
<testsuite ignored="2" hostname="Sebastians-MacBook-Pro.local" failures="0" tests="7" name="Test" time="41.832" errors="0" timestamp="2025-08-02T14:35:56 BST">
  <testcase classname="pageobjectdemo.tests.AmazonTestNG" name="runMotorolaSearchTest" time="5.225"/>
  <testcase classname="pageobjectdemo.tests.AmazonTestNG" name="runSamsungSearchTest" time="5.415"/>
  <testcase classname="pageobjectdemo.tests.AmazonTestNG" name="runiPhoneSearchTest" time="4.255"/>
  <testcase classname="pageobjectdemo.tests.DemoWebShopTestNG" name="test1Registration" time="2.087"/>
  <testcase classname="pageobjectdemo.tests.DemoWebShopTestNG" name="test3LoginWithInvalidPassword" time="0.725"/>
  <testcase classname="pageobjectdemo.tests.DemoWebShopTestNG" name="test4LoginWithInvalidEmail" time="0.655"/>
  <testcase classname="pageobjectdemo.tests.DemoWebShopTestNG" name="test2Login" time="1.852"/>
  <testcase classname="pageobjectdemo.tests.DemoWebShopTestNG" name="test6RegistrationFromDB" time="0.0">
    <ignored/>
  </testcase> <!-- test6RegistrationFromDB -->
  <testcase classname="pageobjectdemo.tests.DemoWebShopTestNG" name="test5RegistrationWithExcel" time="0.0">
    <ignored/>
  </testcase> <!-- test5RegistrationWithExcel -->
</testsuite> <!-- Test -->
