<?xml version="1.0" encoding="UTF-8"?>
<!-- Generated by org.testng.reporters.JUnitXMLReporter -->
<testsuite ignored="3" hostname="Sebastians-MacBook-Pro.local" failures="1" tests="6" name="AmazonTest" time="354.693" errors="0" timestamp="2025-08-09T14:18:09 BST">
  <testcase classname="pageobjectdemo.tests.AmazonTestNG" name="runSearchTest" time="121.595"/>
  <testcase classname="pageobjectdemo.tests.AmazonTestNG" name="runSearchTest" time="89.564">
    <failure type="org.openqa.selenium.remote.UnreachableBrowserException" message="Error communicating with the remote browser. It may have died.
Build info: version: &amp;apos;4.33.0&amp;apos;, revision: &amp;apos;2c6aaad03a&amp;apos;
System info: os.name: &amp;apos;Mac OS X&amp;apos;, os.arch: &amp;apos;aarch64&amp;apos;, os.version: &amp;apos;14.1&amp;apos;, java.version: &amp;apos;23.0.2&amp;apos;
Driver info: org.openqa.selenium.chrome.ChromeDriver
Command: [7eb381c3da36f97cded7d8ed5ea492e6, clearElement [id]]
Capabilities {acceptInsecureCerts: false, browserName: chrome, browserVersion: 138.0.7204.184, chrome: {chromedriverVersion: 138.0.7204.183 (e90faf484dd..., userDataDir: /var/folders/vk/dx65fkld16z...}, fedcm:accounts: true, goog:chromeOptions: {debuggerAddress: localhost:54452}, networkConnectionEnabled: false, pageLoadStrategy: normal, platformName: mac, proxy: Proxy(), se:cdp: ws://localhost:54452/devtoo..., se:cdpVersion: 138.0.7204.184, setWindowRect: true, strictFileInteractability: false, timeouts: {implicit: 0, pageLoad: 300000, script: 30000}, unhandledPromptBehavior: dismiss and notify, webauthn:extension:credBlob: true, webauthn:extension:largeBlob: true, webauthn:extension:minPinLength: true, webauthn:extension:prf: true, webauthn:virtualAuthenticators: true}
Element: [[ChromeDriver: chrome on mac (7eb381c3da36f97cded7d8ed5ea492e6)] -&amp;gt; id: twotabsearchtextbox]
Session ID: 7eb381c3da36f97cded7d8ed5ea492e6">
      <![CDATA[org.openqa.selenium.remote.UnreachableBrowserException: Error communicating with the remote browser. It may have died.
Build info: version: '4.33.0', revision: '2c6aaad03a'
System info: os.name: 'Mac OS X', os.arch: 'aarch64', os.version: '14.1', java.version: '23.0.2'
Driver info: org.openqa.selenium.chrome.ChromeDriver
Command: [7eb381c3da36f97cded7d8ed5ea492e6, clearElement [id]]
Capabilities {acceptInsecureCerts: false, browserName: chrome, browserVersion: 138.0.7204.184, chrome: {chromedriverVersion: 138.0.7204.183 (e90faf484dd..., userDataDir: /var/folders/vk/dx65fkld16z...}, fedcm:accounts: true, goog:chromeOptions: {debuggerAddress: localhost:54452}, networkConnectionEnabled: false, pageLoadStrategy: normal, platformName: mac, proxy: Proxy(), se:cdp: ws://localhost:54452/devtoo..., se:cdpVersion: 138.0.7204.184, setWindowRect: true, strictFileInteractability: false, timeouts: {implicit: 0, pageLoad: 300000, script: 30000}, unhandledPromptBehavior: dismiss and notify, webauthn:extension:credBlob: true, webauthn:extension:largeBlob: true, webauthn:extension:minPinLength: true, webauthn:extension:prf: true, webauthn:virtualAuthenticators: true}
Element: [[ChromeDriver: chrome on mac (7eb381c3da36f97cded7d8ed5ea492e6)] -> id: twotabsearchtextbox]
Session ID: 7eb381c3da36f97cded7d8ed5ea492e6
at org.openqa.selenium.remote.RemoteWebDriver.execute(RemoteWebDriver.java:571)
at org.openqa.selenium.remote.RemoteWebElement.execute(RemoteWebElement.java:223)
at org.openqa.selenium.remote.RemoteWebElement.clear(RemoteWebElement.java:129)
at org.openqa.selenium.support.pagefactory.internal.LocatingElementHandler.invoke(LocatingElementHandler.java:51)
at jdk.proxy2/jdk.proxy2.$Proxy13.clear(Unknown Source)
at pageobjectdemo.pageobjects.AmazonPage.searchAndFindFirstProduct(AmazonPage.java:38)
at pageobjectdemo.tests.AmazonTestNG.runSearchTest(AmazonTestNG.java:69)
at java.base/java.util.ArrayList.forEach(ArrayList.java:1597)
at java.base/java.util.concurrent.FutureTask.run(FutureTask.java:317)
at java.base/java.util.concurrent.ThreadPoolExecutor.runWorker(ThreadPoolExecutor.java:1144)
at java.base/java.util.concurrent.ThreadPoolExecutor$Worker.run(ThreadPoolExecutor.java:642)
at java.base/java.lang.Thread.run(Thread.java:1575)
Caused by: java.io.UncheckedIOException: java.io.IOException: HTTP/1.1 header parser received no bytes
at org.openqa.selenium.remote.http.jdk.JdkHttpClient.execute0(JdkHttpClient.java:500)
at org.openqa.selenium.remote.http.AddSeleniumUserAgent.lambda$apply$0(AddSeleniumUserAgent.java:42)
at org.openqa.selenium.remote.http.Filter.lambda$andFinally$1(Filter.java:55)
at org.openqa.selenium.remote.http.jdk.JdkHttpClient.lambda$executeAsync$2(JdkHttpClient.java:387)
at java.base/java.util.concurrent.Executors$RunnableAdapter.call(Executors.java:572)
... 4 more
Caused by: java.io.IOException: HTTP/1.1 header parser received no bytes
at java.net.http/jdk.internal.net.http.HttpClientImpl.send(HttpClientImpl.java:971)
at java.net.http/jdk.internal.net.http.HttpClientFacade.send(HttpClientFacade.java:133)
at org.openqa.selenium.remote.http.jdk.JdkHttpClient.execute0(JdkHttpClient.java:459)
... 8 more
Caused by: java.io.IOException: HTTP/1.1 header parser received no bytes
at java.net.http/jdk.internal.net.http.common.Utils.wrapWithExtraDetail(Utils.java:440)
at java.net.http/jdk.internal.net.http.Http1Response$HeadersReader.onReadError(Http1Response.java:590)
at java.net.http/jdk.internal.net.http.Http1AsyncReceiver.checkForErrors(Http1AsyncReceiver.java:302)
at java.net.http/jdk.internal.net.http.Http1AsyncReceiver.flush(Http1AsyncReceiver.java:268)
at java.net.http/jdk.internal.net.http.common.SequentialScheduler$LockingRestartableTask.run(SequentialScheduler.java:182)
at java.net.http/jdk.internal.net.http.common.SequentialScheduler$CompleteRestartableTask.run(SequentialScheduler.java:149)
at java.net.http/jdk.internal.net.http.common.SequentialScheduler$SchedulableTask.run(SequentialScheduler.java:207)
... 3 more
Caused by: java.io.EOFException: EOF reached while reading
at java.net.http/jdk.internal.net.http.Http1AsyncReceiver$Http1TubeSubscriber.onComplete(Http1AsyncReceiver.java:601)
at java.net.http/jdk.internal.net.http.SocketTube$InternalReadPublisher$ReadSubscription.signalCompletion(SocketTube.java:648)
at java.net.http/jdk.internal.net.http.SocketTube$InternalReadPublisher$InternalReadSubscription.read(SocketTube.java:853)
at java.net.http/jdk.internal.net.http.SocketTube$SocketFlowTask.run(SocketTube.java:181)
at java.net.http/jdk.internal.net.http.common.SequentialScheduler$SchedulableTask.run(SequentialScheduler.java:207)
at java.net.http/jdk.internal.net.http.common.SequentialScheduler.runOrSchedule(SequentialScheduler.java:280)
at java.net.http/jdk.internal.net.http.common.SequentialScheduler.runOrSchedule(SequentialScheduler.java:233)
at java.net.http/jdk.internal.net.http.SocketTube$InternalReadPublisher$InternalReadSubscription.signalReadable(SocketTube.java:782)
at java.net.http/jdk.internal.net.http.SocketTube$InternalReadPublisher$ReadEvent.signalEvent(SocketTube.java:965)
at java.net.http/jdk.internal.net.http.SocketTube$SocketFlowEvent.handle(SocketTube.java:253)
at java.net.http/jdk.internal.net.http.HttpClientImpl$SelectorManager.handleEvent(HttpClientImpl.java:1478)
at java.net.http/jdk.internal.net.http.HttpClientImpl$SelectorManager.lambda$run$3(HttpClientImpl.java:1423)
at java.base/java.util.ArrayList.forEach(ArrayList.java:1597)
at java.net.http/jdk.internal.net.http.HttpClientImpl$SelectorManager.run(HttpClientImpl.java:1423)
... Removed 17 stack frames]]>
    </failure>
  </testcase> <!-- runSearchTest -->
  <testcase classname="pageobjectdemo.tests.AmazonTestNG" name="runSearchTest" time="0.0">
    <skipped/>
  </testcase> <!-- runSearchTest -->
  <testcase classname="pageobjectdemo.tests.AmazonTestNG" name="runSearchTestForBrands" time="0.0">
    <skipped/>
  </testcase> <!-- runSearchTestForBrands -->
  <testcase classname="pageobjectdemo.tests.AmazonTestNG" name="runSearchTestForBrands" time="0.0">
    <skipped/>
  </testcase> <!-- runSearchTestForBrands -->
  <testcase classname="pageobjectdemo.tests.AmazonTestNG" name="runSearchTestForBrands" time="0.001">
    <skipped/>
  </testcase> <!-- runSearchTestForBrands -->
  <testcase classname="pageobjectdemo.tests.AmazonTestNG" name="runSamsungSearchTest" time="0.0">
    <ignored/>
  </testcase> <!-- runSamsungSearchTest -->
  <testcase classname="pageobjectdemo.tests.AmazonTestNG" name="runMotorolaSearchTest" time="0.0">
    <ignored/>
  </testcase> <!-- runMotorolaSearchTest -->
  <testcase classname="pageobjectdemo.tests.AmazonTestNG" name="runiPhoneSearchTest" time="0.0">
    <ignored/>
  </testcase> <!-- runiPhoneSearchTest -->
</testsuite> <!-- AmazonTest -->
