<?xml version="1.0" encoding="UTF-8"?>
<testng-results ignored="5" total="15" passed="9" failed="1" skipped="0">
  <reporter-output>
  </reporter-output>
  <suite started-at="2025-08-03T14:00:07 BST" name="Suite" finished-at="2025-08-03T14:01:03 BST" duration-ms="56024">
    <groups>
    </groups>
    <test started-at="2025-08-03T14:00:07 BST" name="DemoWebTest" finished-at="2025-08-03T14:00:27 BST" duration-ms="20043">
      <class name="pageobjectdemo.tests.DemoWebShopTestNG">
        <test-method is-config="true" signature="startClassTest()[pri:0, instance:pageobjectdemo.tests.DemoWebShopTestNG@35841320]" started-at="2025-08-03T14:00:07 BST" name="startClassTest" finished-at="2025-08-03T14:00:07 BST" duration-ms="9" status="PASS">
          <reporter-output>
          </reporter-output>
        </test-method> <!-- startClassTest -->
        <test-method is-config="true" signature="launchChromeBrowser(java.lang.String)[pri:0, instance:pageobjectdemo.tests.DemoWebShopTestNG@35841320]" started-at="2025-08-03T14:00:07 BST" name="launchChromeBrowser" finished-at="2025-08-03T14:00:13 BST" duration-ms="6028" status="PASS">
          <params>
            <param index="0">
              <value>
                <![CDATA[https://demowebshop.tricentis.com/]]>
              </value>
            </param>
          </params>
          <reporter-output>
          </reporter-output>
        </test-method> <!-- launchChromeBrowser -->
        <test-method signature="test1Registration(java.lang.String,java.lang.String,java.lang.String,java.lang.String)[pri:0, instance:pageobjectdemo.tests.DemoWebShopTestNG@35841320]" started-at="2025-08-03T14:00:13 BST" name="test1Registration" finished-at="2025-08-03T14:00:14 BST" duration-ms="1341" status="FAIL">
          <params>
            <param index="0">
              <value>
                <![CDATA[FirstName2509]]>
              </value>
            </param>
            <param index="1">
              <value>
                <![CDATA[LastName2509]]>
              </value>
            </param>
            <param index="2">
              <value>
                <![CDATA[FirstName2509.lastname@test.com]]>
              </value>
            </param>
            <param index="3">
              <value>
                <![CDATA[lastname@test.com]]>
              </value>
            </param>
          </params>
          <exception class="org.openqa.selenium.NoSuchElementException">
            <message>
              <![CDATA[no such element: Unable to locate element: {"method":"css selector","selector":".header-links .account"}
  (Session info: chrome=138.0.7204.184)
For documentation on this error, please visit: https://www.selenium.dev/documentation/webdriver/troubleshooting/errors#no-such-element-exception
Build info: version: '4.33.0', revision: '2c6aaad03a'
System info: os.name: 'Mac OS X', os.arch: 'aarch64', os.version: '14.1', java.version: '22.0.2'
Driver info: org.openqa.selenium.chrome.ChromeDriver
Command: [b56b94791427b18b240036adb7b072a6, findElement {value=.header-links .account, using=css selector}]
Capabilities {acceptInsecureCerts: false, browserName: chrome, browserVersion: 138.0.7204.184, chrome: {chromedriverVersion: 138.0.7204.183 (e90faf484dd..., userDataDir: /var/folders/vk/dx65fkld16z...}, fedcm:accounts: true, goog:chromeOptions: {debuggerAddress: localhost:59514}, networkConnectionEnabled: false, pageLoadStrategy: normal, platformName: mac, proxy: Proxy(), se:cdp: ws://localhost:59514/devtoo..., se:cdpVersion: 138.0.7204.184, setWindowRect: true, strictFileInteractability: false, timeouts: {implicit: 0, pageLoad: 300000, script: 30000}, unhandledPromptBehavior: dismiss and notify, webauthn:extension:credBlob: true, webauthn:extension:largeBlob: true, webauthn:extension:minPinLength: true, webauthn:extension:prf: true, webauthn:virtualAuthenticators: true}
Session ID: b56b94791427b18b240036adb7b072a6]]>
            </message>
            <full-stacktrace>
              <![CDATA[org.openqa.selenium.NoSuchElementException: no such element: Unable to locate element: {"method":"css selector","selector":".header-links .account"}
  (Session info: chrome=138.0.7204.184)
For documentation on this error, please visit: https://www.selenium.dev/documentation/webdriver/troubleshooting/errors#no-such-element-exception
Build info: version: '4.33.0', revision: '2c6aaad03a'
System info: os.name: 'Mac OS X', os.arch: 'aarch64', os.version: '14.1', java.version: '22.0.2'
Driver info: org.openqa.selenium.chrome.ChromeDriver
Command: [b56b94791427b18b240036adb7b072a6, findElement {value=.header-links .account, using=css selector}]
Capabilities {acceptInsecureCerts: false, browserName: chrome, browserVersion: 138.0.7204.184, chrome: {chromedriverVersion: 138.0.7204.183 (e90faf484dd..., userDataDir: /var/folders/vk/dx65fkld16z...}, fedcm:accounts: true, goog:chromeOptions: {debuggerAddress: localhost:59514}, networkConnectionEnabled: false, pageLoadStrategy: normal, platformName: mac, proxy: Proxy(), se:cdp: ws://localhost:59514/devtoo..., se:cdpVersion: 138.0.7204.184, setWindowRect: true, strictFileInteractability: false, timeouts: {implicit: 0, pageLoad: 300000, script: 30000}, unhandledPromptBehavior: dismiss and notify, webauthn:extension:credBlob: true, webauthn:extension:largeBlob: true, webauthn:extension:minPinLength: true, webauthn:extension:prf: true, webauthn:virtualAuthenticators: true}
Session ID: b56b94791427b18b240036adb7b072a6
at java.base/jdk.internal.reflect.DirectConstructorHandleAccessor.newInstance(DirectConstructorHandleAccessor.java:62)
at java.base/java.lang.reflect.Constructor.newInstanceWithCaller(Constructor.java:502)
at java.base/java.lang.reflect.Constructor.newInstance(Constructor.java:486)
at org.openqa.selenium.remote.ErrorCodec.decode(ErrorCodec.java:167)
at org.openqa.selenium.remote.codec.w3c.W3CHttpResponseCodec.decode(W3CHttpResponseCodec.java:138)
at org.openqa.selenium.remote.codec.w3c.W3CHttpResponseCodec.decode(W3CHttpResponseCodec.java:50)
at org.openqa.selenium.remote.HttpCommandExecutor.execute(HttpCommandExecutor.java:215)
at org.openqa.selenium.remote.service.DriverCommandExecutor.invokeExecute(DriverCommandExecutor.java:216)
at org.openqa.selenium.remote.service.DriverCommandExecutor.execute(DriverCommandExecutor.java:174)
at org.openqa.selenium.remote.RemoteWebDriver.execute(RemoteWebDriver.java:544)
at org.openqa.selenium.remote.ElementLocation$ElementFinder$2.findElement(ElementLocation.java:165)
at org.openqa.selenium.remote.ElementLocation.findElement(ElementLocation.java:59)
at org.openqa.selenium.remote.RemoteWebDriver.findElement(RemoteWebDriver.java:367)
at org.openqa.selenium.remote.RemoteWebDriver.findElement(RemoteWebDriver.java:361)
at pageobjectdemo.pageobjects.CommonPage.printAccountName(CommonPage.java:34)
at pageobjectdemo.tests.DemoWebShopTestNG.test1Registration(DemoWebShopTestNG.java:72)
at java.base/jdk.internal.reflect.DirectMethodHandleAccessor.invoke(DirectMethodHandleAccessor.java:103)
at java.base/java.lang.reflect.Method.invoke(Method.java:580)
at org.testng.internal.invokers.MethodInvocationHelper.invokeMethod(MethodInvocationHelper.java:141)
at org.testng.internal.invokers.TestInvoker.invokeMethod(TestInvoker.java:687)
at org.testng.internal.invokers.TestInvoker.invokeTestMethod(TestInvoker.java:230)
at org.testng.internal.invokers.MethodRunner.runInSequence(MethodRunner.java:63)
at org.testng.internal.invokers.TestInvoker$MethodInvocationAgent.invoke(TestInvoker.java:995)
at org.testng.internal.invokers.TestInvoker.invokeTestMethods(TestInvoker.java:203)
at org.testng.internal.invokers.TestMethodWorker.invokeTestMethods(TestMethodWorker.java:154)
at org.testng.internal.invokers.TestMethodWorker.run(TestMethodWorker.java:134)
at java.base/java.util.ArrayList.forEach(ArrayList.java:1597)
at org.testng.TestRunner.privateRun(TestRunner.java:741)
at org.testng.TestRunner.run(TestRunner.java:616)
at org.testng.SuiteRunner.runTest(SuiteRunner.java:421)
at org.testng.SuiteRunner$SuiteWorker.run(SuiteRunner.java:463)
at org.testng.internal.thread.ThreadUtil.lambda$execute$0(ThreadUtil.java:64)
at java.base/java.util.concurrent.FutureTask.run(FutureTask.java:317)
at java.base/java.util.concurrent.ThreadPoolExecutor.runWorker(ThreadPoolExecutor.java:1144)
at java.base/java.util.concurrent.ThreadPoolExecutor$Worker.run(ThreadPoolExecutor.java:642)
at java.base/java.lang.Thread.run(Thread.java:1570)
]]>
            </full-stacktrace>
          </exception> <!-- org.openqa.selenium.NoSuchElementException -->
          <reporter-output>
          </reporter-output>
        </test-method> <!-- test1Registration -->
        <test-method is-config="true" signature="closeBrowser()[pri:0, instance:pageobjectdemo.tests.DemoWebShopTestNG@35841320]" started-at="2025-08-03T14:00:14 BST" name="closeBrowser" finished-at="2025-08-03T14:00:14 BST" duration-ms="133" status="PASS">
          <reporter-output>
          </reporter-output>
        </test-method> <!-- closeBrowser -->
        <test-method is-config="true" signature="launchChromeBrowser(java.lang.String)[pri:0, instance:pageobjectdemo.tests.DemoWebShopTestNG@35841320]" started-at="2025-08-03T14:00:14 BST" name="launchChromeBrowser" finished-at="2025-08-03T14:00:17 BST" duration-ms="2438" status="PASS">
          <params>
            <param index="0">
              <value>
                <![CDATA[https://demowebshop.tricentis.com/]]>
              </value>
            </param>
          </params>
          <reporter-output>
          </reporter-output>
        </test-method> <!-- launchChromeBrowser -->
        <test-method signature="test3LoginWithInvalidPassword(java.lang.String)[pri:0, instance:pageobjectdemo.tests.DemoWebShopTestNG@35841320]" started-at="2025-08-03T14:00:17 BST" name="test3LoginWithInvalidPassword" finished-at="2025-08-03T14:00:17 BST" duration-ms="660" status="PASS">
          <params>
            <param index="0">
              <value>
                <![CDATA[FirstName2509.lastname@test.com]]>
              </value>
            </param>
          </params>
          <reporter-output>
          </reporter-output>
        </test-method> <!-- test3LoginWithInvalidPassword -->
        <test-method is-config="true" signature="closeBrowser()[pri:0, instance:pageobjectdemo.tests.DemoWebShopTestNG@35841320]" started-at="2025-08-03T14:00:17 BST" name="closeBrowser" finished-at="2025-08-03T14:00:17 BST" duration-ms="115" status="PASS">
          <reporter-output>
          </reporter-output>
        </test-method> <!-- closeBrowser -->
        <test-method is-config="true" signature="launchChromeBrowser(java.lang.String)[pri:0, instance:pageobjectdemo.tests.DemoWebShopTestNG@35841320]" started-at="2025-08-03T14:00:17 BST" name="launchChromeBrowser" finished-at="2025-08-03T14:00:20 BST" duration-ms="3058" status="PASS">
          <params>
            <param index="0">
              <value>
                <![CDATA[https://demowebshop.tricentis.com/]]>
              </value>
            </param>
          </params>
          <reporter-output>
          </reporter-output>
        </test-method> <!-- launchChromeBrowser -->
        <test-method signature="test4LoginWithInvalidEmail(java.lang.String)[pri:0, instance:pageobjectdemo.tests.DemoWebShopTestNG@35841320]" started-at="2025-08-03T14:00:20 BST" name="test4LoginWithInvalidEmail" finished-at="2025-08-03T14:00:21 BST" duration-ms="961" status="PASS">
          <params>
            <param index="0">
              <value>
                <![CDATA[FirstName2509.lastname@test.com]]>
              </value>
            </param>
          </params>
          <reporter-output>
          </reporter-output>
        </test-method> <!-- test4LoginWithInvalidEmail -->
        <test-method is-config="true" signature="closeBrowser()[pri:0, instance:pageobjectdemo.tests.DemoWebShopTestNG@35841320]" started-at="2025-08-03T14:00:21 BST" name="closeBrowser" finished-at="2025-08-03T14:00:22 BST" duration-ms="129" status="PASS">
          <reporter-output>
          </reporter-output>
        </test-method> <!-- closeBrowser -->
        <test-method is-config="true" signature="launchChromeBrowser(java.lang.String)[pri:0, instance:pageobjectdemo.tests.DemoWebShopTestNG@35841320]" started-at="2025-08-03T14:00:22 BST" name="launchChromeBrowser" finished-at="2025-08-03T14:00:25 BST" duration-ms="3485" status="PASS">
          <params>
            <param index="0">
              <value>
                <![CDATA[https://demowebshop.tricentis.com/]]>
              </value>
            </param>
          </params>
          <reporter-output>
          </reporter-output>
        </test-method> <!-- launchChromeBrowser -->
        <test-method signature="test2Login(java.lang.String,java.lang.String)[pri:0, instance:pageobjectdemo.tests.DemoWebShopTestNG@35841320]" started-at="2025-08-03T14:00:25 BST" name="test2Login" finished-at="2025-08-03T14:00:27 BST" depends-on-methods="pageobjectdemo.tests.DemoWebShopTestNG.test1Registration" duration-ms="1468" status="PASS">
          <params>
            <param index="0">
              <value>
                <![CDATA[lastname@test.com]]>
              </value>
            </param>
            <param index="1">
              <value>
                <![CDATA[FirstName2509.lastname@test.com]]>
              </value>
            </param>
          </params>
          <reporter-output>
          </reporter-output>
        </test-method> <!-- test2Login -->
        <test-method is-config="true" signature="closeBrowser()[pri:0, instance:pageobjectdemo.tests.DemoWebShopTestNG@35841320]" started-at="2025-08-03T14:00:27 BST" name="closeBrowser" finished-at="2025-08-03T14:00:27 BST" duration-ms="110" status="PASS">
          <reporter-output>
          </reporter-output>
        </test-method> <!-- closeBrowser -->
        <test-method is-config="true" signature="endClassTest()[pri:0, instance:pageobjectdemo.tests.DemoWebShopTestNG@35841320]" started-at="2025-08-03T14:00:27 BST" name="endClassTest" finished-at="2025-08-03T14:00:27 BST" duration-ms="1" status="PASS">
          <reporter-output>
          </reporter-output>
        </test-method> <!-- endClassTest -->
      </class> <!-- pageobjectdemo.tests.DemoWebShopTestNG -->
    </test> <!-- DemoWebTest -->
    <test started-at="2025-08-03T14:00:07 BST" name="AmazonTest" finished-at="2025-08-03T14:01:03 BST" duration-ms="56024">
      <class name="pageobjectdemo.tests.AmazonTestNG">
        <test-method is-config="true" signature="startClassTest()[pri:0, instance:pageobjectdemo.tests.AmazonTestNG@28cda624]" started-at="2025-08-03T14:00:07 BST" name="startClassTest" finished-at="2025-08-03T14:00:07 BST" duration-ms="9" status="PASS">
          <reporter-output>
          </reporter-output>
        </test-method> <!-- startClassTest -->
        <test-method is-config="true" signature="launchChromeBrowser()[pri:0, instance:pageobjectdemo.tests.AmazonTestNG@28cda624]" started-at="2025-08-03T14:00:07 BST" name="launchChromeBrowser" finished-at="2025-08-03T14:00:14 BST" duration-ms="7026" status="PASS">
          <reporter-output>
          </reporter-output>
        </test-method> <!-- launchChromeBrowser -->
        <test-method signature="runSearchTest(java.lang.String)[pri:0, instance:pageobjectdemo.tests.AmazonTestNG@28cda624]" started-at="2025-08-03T14:00:14 BST" name="runSearchTest" data-provider="search-data" finished-at="2025-08-03T14:00:19 BST" duration-ms="5433" status="PASS">
          <params>
            <param index="0">
              <value>
                <![CDATA[iphone 15]]>
              </value>
            </param>
          </params>
          <reporter-output>
          </reporter-output>
        </test-method> <!-- runSearchTest -->
        <test-method is-config="true" signature="closeBrowser()[pri:0, instance:pageobjectdemo.tests.AmazonTestNG@28cda624]" started-at="2025-08-03T14:00:19 BST" name="closeBrowser" finished-at="2025-08-03T14:00:19 BST" duration-ms="202" status="PASS">
          <reporter-output>
          </reporter-output>
        </test-method> <!-- closeBrowser -->
        <test-method is-config="true" signature="launchChromeBrowser()[pri:0, instance:pageobjectdemo.tests.AmazonTestNG@28cda624]" started-at="2025-08-03T14:00:19 BST" name="launchChromeBrowser" finished-at="2025-08-03T14:00:24 BST" duration-ms="4190" status="PASS">
          <reporter-output>
          </reporter-output>
        </test-method> <!-- launchChromeBrowser -->
        <test-method signature="runSearchTest(java.lang.String)[pri:0, instance:pageobjectdemo.tests.AmazonTestNG@28cda624]" started-at="2025-08-03T14:00:24 BST" name="runSearchTest" data-provider="search-data" finished-at="2025-08-03T14:00:30 BST" duration-ms="6308" status="PASS">
          <params>
            <param index="0">
              <value>
                <![CDATA[samsung]]>
              </value>
            </param>
          </params>
          <reporter-output>
          </reporter-output>
        </test-method> <!-- runSearchTest -->
        <test-method is-config="true" signature="closeBrowser()[pri:0, instance:pageobjectdemo.tests.AmazonTestNG@28cda624]" started-at="2025-08-03T14:00:30 BST" name="closeBrowser" finished-at="2025-08-03T14:00:30 BST" duration-ms="255" status="PASS">
          <reporter-output>
          </reporter-output>
        </test-method> <!-- closeBrowser -->
        <test-method is-config="true" signature="launchChromeBrowser()[pri:0, instance:pageobjectdemo.tests.AmazonTestNG@28cda624]" started-at="2025-08-03T14:00:30 BST" name="launchChromeBrowser" finished-at="2025-08-03T14:00:33 BST" duration-ms="2804" status="PASS">
          <reporter-output>
          </reporter-output>
        </test-method> <!-- launchChromeBrowser -->
        <test-method signature="runSearchTest(java.lang.String)[pri:0, instance:pageobjectdemo.tests.AmazonTestNG@28cda624]" started-at="2025-08-03T14:00:33 BST" name="runSearchTest" data-provider="search-data" finished-at="2025-08-03T14:00:38 BST" duration-ms="4633" status="PASS">
          <params>
            <param index="0">
              <value>
                <![CDATA[motorola]]>
              </value>
            </param>
          </params>
          <reporter-output>
          </reporter-output>
        </test-method> <!-- runSearchTest -->
        <test-method is-config="true" signature="closeBrowser()[pri:0, instance:pageobjectdemo.tests.AmazonTestNG@28cda624]" started-at="2025-08-03T14:00:38 BST" name="closeBrowser" finished-at="2025-08-03T14:00:38 BST" duration-ms="166" status="PASS">
          <reporter-output>
          </reporter-output>
        </test-method> <!-- closeBrowser -->
        <test-method is-config="true" signature="launchChromeBrowser()[pri:0, instance:pageobjectdemo.tests.AmazonTestNG@28cda624]" started-at="2025-08-03T14:00:38 BST" name="launchChromeBrowser" finished-at="2025-08-03T14:00:40 BST" duration-ms="2398" status="PASS">
          <reporter-output>
          </reporter-output>
        </test-method> <!-- launchChromeBrowser -->
        <test-method signature="runSearchTestForBrands(java.lang.String,java.lang.String)[pri:0, instance:pageobjectdemo.tests.AmazonTestNG@28cda624]" started-at="2025-08-03T14:00:40 BST" name="runSearchTestForBrands" data-provider="provideBrandAndSearchData" finished-at="2025-08-03T14:00:45 BST" duration-ms="4770" status="PASS">
          <params>
            <param index="0">
              <value>
                <![CDATA[Sony]]>
              </value>
            </param>
            <param index="1">
              <value>
                <![CDATA[sony bravia 55 inch]]>
              </value>
            </param>
          </params>
          <reporter-output>
          </reporter-output>
        </test-method> <!-- runSearchTestForBrands -->
        <test-method is-config="true" signature="closeBrowser()[pri:0, instance:pageobjectdemo.tests.AmazonTestNG@28cda624]" started-at="2025-08-03T14:00:45 BST" name="closeBrowser" finished-at="2025-08-03T14:00:45 BST" duration-ms="229" status="PASS">
          <reporter-output>
          </reporter-output>
        </test-method> <!-- closeBrowser -->
        <test-method is-config="true" signature="launchChromeBrowser()[pri:0, instance:pageobjectdemo.tests.AmazonTestNG@28cda624]" started-at="2025-08-03T14:00:45 BST" name="launchChromeBrowser" finished-at="2025-08-03T14:00:48 BST" duration-ms="2494" status="PASS">
          <reporter-output>
          </reporter-output>
        </test-method> <!-- launchChromeBrowser -->
        <test-method signature="runSearchTestForBrands(java.lang.String,java.lang.String)[pri:0, instance:pageobjectdemo.tests.AmazonTestNG@28cda624]" started-at="2025-08-03T14:00:48 BST" name="runSearchTestForBrands" data-provider="provideBrandAndSearchData" finished-at="2025-08-03T14:00:52 BST" duration-ms="4380" status="PASS">
          <params>
            <param index="0">
              <value>
                <![CDATA[Xiaomi]]>
              </value>
            </param>
            <param index="1">
              <value>
                <![CDATA[xiomi̇ pad 7 pro]]>
              </value>
            </param>
          </params>
          <reporter-output>
          </reporter-output>
        </test-method> <!-- runSearchTestForBrands -->
        <test-method is-config="true" signature="closeBrowser()[pri:0, instance:pageobjectdemo.tests.AmazonTestNG@28cda624]" started-at="2025-08-03T14:00:52 BST" name="closeBrowser" finished-at="2025-08-03T14:00:52 BST" duration-ms="177" status="PASS">
          <reporter-output>
          </reporter-output>
        </test-method> <!-- closeBrowser -->
        <test-method is-config="true" signature="launchChromeBrowser()[pri:0, instance:pageobjectdemo.tests.AmazonTestNG@28cda624]" started-at="2025-08-03T14:00:52 BST" name="launchChromeBrowser" finished-at="2025-08-03T14:00:55 BST" duration-ms="2672" status="PASS">
          <reporter-output>
          </reporter-output>
        </test-method> <!-- launchChromeBrowser -->
        <test-method signature="runSearchTestForBrands(java.lang.String,java.lang.String)[pri:0, instance:pageobjectdemo.tests.AmazonTestNG@28cda624]" started-at="2025-08-03T14:00:55 BST" name="runSearchTestForBrands" data-provider="provideBrandAndSearchData" finished-at="2025-08-03T14:01:02 BST" duration-ms="7455" status="PASS">
          <params>
            <param index="0">
              <value>
                <![CDATA[TCL]]>
              </value>
            </param>
            <param index="1">
              <value>
                <![CDATA[tcl 55 inch tv]]>
              </value>
            </param>
          </params>
          <reporter-output>
          </reporter-output>
        </test-method> <!-- runSearchTestForBrands -->
        <test-method is-config="true" signature="closeBrowser()[pri:0, instance:pageobjectdemo.tests.AmazonTestNG@28cda624]" started-at="2025-08-03T14:01:02 BST" name="closeBrowser" finished-at="2025-08-03T14:01:03 BST" duration-ms="338" status="PASS">
          <reporter-output>
          </reporter-output>
        </test-method> <!-- closeBrowser -->
        <test-method is-config="true" signature="endClassTest()[pri:0, instance:pageobjectdemo.tests.AmazonTestNG@28cda624]" started-at="2025-08-03T14:01:03 BST" name="endClassTest" finished-at="2025-08-03T14:01:03 BST" duration-ms="1" status="PASS">
          <reporter-output>
          </reporter-output>
        </test-method> <!-- endClassTest -->
      </class> <!-- pageobjectdemo.tests.AmazonTestNG -->
    </test> <!-- AmazonTest -->
  </suite> <!-- Suite -->
</testng-results>
