<?xml version="1.0" encoding="UTF-8"?>
<!-- Generated by org.testng.reporters.JUnitReportReporter -->
<testsuite hostname="Sebastians-MacBook-Pro.local" failures="1" tests="6" name="pageobjectdemo.tests.DemoWebShopTestNG" time="17.430" errors="0" timestamp="2025-08-09T16:21:51 BST" skipped="2">
  <testcase classname="pageobjectdemo.tests.DemoWebShopTestNG" name="test1Registration" time="5.352">
    <failure message="The following asserts failed:
	The webpage title matches expected [true] but found [false],
	The emailId and the account Name matches expected [true] but found [false]" type="java.lang.AssertionError">
      <![CDATA[java.lang.AssertionError: The following asserts failed:
The webpage title matches expected [true] but found [false],
The emailId and the account Name matches expected [true] but found [false]
at org.testng.asserts.SoftAssert.assertAll(SoftAssert.java:46)
at org.testng.asserts.SoftAssert.assertAll(SoftAssert.java:30)
at pageobjectdemo.tests.DemoWebShopTestNG.test1Registration(DemoWebShopTestNG.java:85)
at java.base/jdk.internal.reflect.DirectMethodHandleAccessor.invoke(DirectMethodHandleAccessor.java:103)
at java.base/java.lang.reflect.Method.invoke(Method.java:580)
at org.testng.internal.invokers.MethodInvocationHelper.invokeMethod(MethodInvocationHelper.java:141)
at org.testng.internal.invokers.TestInvoker.invokeMethod(TestInvoker.java:687)
at org.testng.internal.invokers.TestInvoker.invokeTestMethod(TestInvoker.java:230)
at org.testng.internal.invokers.MethodRunner.runInSequence(MethodRunner.java:63)
at org.testng.internal.invokers.TestInvoker$MethodInvocationAgent.invoke(TestInvoker.java:995)
at org.testng.internal.invokers.TestInvoker.invokeTestMethods(TestInvoker.java:203)
at org.testng.internal.invokers.TestMethodWorker.invokeTestMethods(TestMethodWorker.java:154)
at org.testng.internal.invokers.TestMethodWorker.run(TestMethodWorker.java:134)
at java.base/java.util.ArrayList.forEach(ArrayList.java:1597)
at org.testng.TestRunner.privateRun(TestRunner.java:741)
at org.testng.TestRunner.run(TestRunner.java:616)
at org.testng.SuiteRunner.runTest(SuiteRunner.java:421)
at org.testng.SuiteRunner$SuiteWorker.run(SuiteRunner.java:463)
at org.testng.internal.thread.ThreadUtil.lambda$execute$0(ThreadUtil.java:64)
at java.base/java.util.concurrent.FutureTask.run(FutureTask.java:317)
at java.base/java.util.concurrent.ThreadPoolExecutor.runWorker(ThreadPoolExecutor.java:1144)
at java.base/java.util.concurrent.ThreadPoolExecutor$Worker.run(ThreadPoolExecutor.java:642)
at java.base/java.lang.Thread.run(Thread.java:1570)
]]>
    </failure>
  </testcase> <!-- test1Registration -->
  <testcase classname="pageobjectdemo.tests.DemoWebShopTestNG" name="test3LoginWithInvalidPassword" time="2.960"/>
  <testcase classname="pageobjectdemo.tests.DemoWebShopTestNG" name="test4LoginWithInvalidEmail" time="2.958"/>
  <testcase classname="pageobjectdemo.tests.DemoWebShopTestNG" name="test2Login" time="6.160"/>
  <testcase classname="pageobjectdemo.tests.DemoWebShopTestNG" name="test5RegistrationWithExcel">
    <skipped/>
  </testcase> <!-- test5RegistrationWithExcel -->
  <testcase classname="pageobjectdemo.tests.DemoWebShopTestNG" name="test6RegistrationFromDB">
    <skipped/>
  </testcase> <!-- test6RegistrationFromDB -->
</testsuite> <!-- pageobjectdemo.tests.DemoWebShopTestNG -->
