<?xml version="1.0" encoding="UTF-8"?>
<!-- Generated by org.testng.reporters.JUnitReportReporter -->
<testsuite hostname="Sebastians-MacBook-Pro.local" failures="0" tests="9" name="pageobjectdemo.tests.AmazonTestNG" time="55.930" errors="0" timestamp="2025-08-03T14:01:08 BST" skipped="3">
  <testcase classname="pageobjectdemo.tests.AmazonTestNG" name="runSearchTest" time="8.093"/>
  <testcase classname="pageobjectdemo.tests.AmazonTestNG" name="runSearchTest" time="9.235"/>
  <testcase classname="pageobjectdemo.tests.AmazonTestNG" name="runSearchTest" time="11.836"/>
  <testcase classname="pageobjectdemo.tests.AmazonTestNG" name="runSearchTestForBrands" time="8.772"/>
  <testcase classname="pageobjectdemo.tests.AmazonTestNG" name="runSearchTestForBrands" time="7.397"/>
  <testcase classname="pageobjectdemo.tests.AmazonTestNG" name="runSearchTestForBrands" time="10.597"/>
  <testcase classname="pageobjectdemo.tests.AmazonTestNG" name="runMotorolaSearchTest">
    <skipped/>
  </testcase> <!-- runMotorolaSearchTest -->
  <testcase classname="pageobjectdemo.tests.AmazonTestNG" name="runSamsungSearchTest">
    <skipped/>
  </testcase> <!-- runSamsungSearchTest -->
  <testcase classname="pageobjectdemo.tests.AmazonTestNG" name="runiPhoneSearchTest">
    <skipped/>
  </testcase> <!-- runiPhoneSearchTest -->
</testsuite> <!-- pageobjectdemo.tests.AmazonTestNG -->
