<?xml version="1.0" encoding="UTF-8"?>
<!-- Generated by org.testng.reporters.JUnitReportReporter -->
<testsuite hostname="Sebastians-MacBook-Pro.local" failures="0" tests="5" name="pageobjectdemo.tests.TestNGTest1" time="0.006" errors="0" timestamp="2025-07-27T15:06:21 BST" skipped="0">
  <testcase classname="pageobjectdemo.tests.TestNGTest1" name="secondTest" time="0.002"/>
  <testcase classname="pageobjectdemo.tests.TestNGTest1" name="thirdTest" time="0.000"/>
  <testcase classname="pageobjectdemo.tests.TestNGTest1" name="firstTest" time="0.002"/>
  <testcase classname="pageobjectdemo.tests.TestNGTest1" name="thirdTest" time="0.001"/>
  <testcase classname="pageobjectdemo.tests.TestNGTest1" name="thirdTest" time="0.001"/>
</testsuite> <!-- pageobjectdemo.tests.TestNGTest1 -->
